<?xml version="1.0" encoding="UTF-8"?>
<!-- Generated by org.testng.reporters.JUnitXMLReporter -->
<testsuite ignored="0" hostname="EPHKHONW0042" failures="1" tests="1" name="Test Cucumber" time="8.254" errors="0" timestamp="2022-12-29T14:45:42 CST">
  <testcase classname="io.cucumber.testng.AbstractTestNGCucumberTests" name="runScenario" time="3.409">
    <failure type="io.cucumber.core.exception.CucumberException" message="Step [The report window appeared with expected result] is defined with 0 parameters at &amp;apos;stepdefinitions.PingStepdefs.theReportWindowAppearedWithExpectedResult()&amp;apos;.
However, the gherkin step has 1 arguments:
 * Table:
      | ping_information_for | amr_dcw_version |
      | 10001487             | 2d              |

Step text: The report window appeared with expected result">
      <![CDATA[io.cucumber.core.exception.CucumberException: Step [The report window appeared with expected result] is defined with 0 parameters at 'stepdefinitions.PingStepdefs.theReportWindowAppearedWithExpectedResult()'.
However, the gherkin step has 1 arguments:
 * Table:
      | ping_information_for | amr_dcw_version |
      | 10001487             | 2d              |

Step text: The report window appeared with expected result
at io.cucumber.core.runner.PickleStepDefinitionMatch.arityMismatch(PickleStepDefinitionMatch.java:83)
at io.cucumber.core.runner.PickleStepDefinitionMatch.runStep(PickleStepDefinitionMatch.java:42)
at io.cucumber.core.runner.ExecutionMode$1.execute(ExecutionMode.java:10)
at io.cucumber.core.runner.TestStep.executeStep(TestStep.java:86)
at io.cucumber.core.runner.TestStep.run(TestStep.java:57)
at io.cucumber.core.runner.PickleStepTestStep.run(PickleStepTestStep.java:51)
at io.cucumber.core.runner.TestCase.run(TestCase.java:95)
at io.cucumber.core.runner.Runner.runPickle(Runner.java:75)
at io.cucumber.testng.TestNGCucumberRunner.lambda$runScenario$1(TestNGCucumberRunner.java:132)
at io.cucumber.core.runtime.CucumberExecutionContext.lambda$runTestCase$3(CucumberExecutionContext.java:146)
at io.cucumber.core.runtime.RethrowingThrowableCollector.executeAndThrow(RethrowingThrowableCollector.java:23)
at io.cucumber.core.runtime.CucumberExecutionContext.runTestCase(CucumberExecutionContext.java:146)
at io.cucumber.testng.TestNGCucumberRunner.runScenario(TestNGCucumberRunner.java:129)
at io.cucumber.testng.AbstractTestNGCucumberTests.runScenario(AbstractTestNGCucumberTests.java:35)
at java.base/java.util.ArrayList.forEach(ArrayList.java:1540)
... Removed 31 stack frames]]>
    </failure>
  </testcase> <!-- runScenario -->
</testsuite> <!-- Test Cucumber -->
